[Message:   BepInEx] BepInEx 5.4.23.2 - Subnautica (27.01.2025 14:42:31)
[Info   :   BepInEx] Running under Unity v2019.4.36.870
[Info   :   BepInEx] CLR runtime version: 4.0.30319.42000
[Info   :   BepInEx] Supports SRE: True
[Info   :   BepInEx] System platform: Bits64, Windows
[Message:   BepInEx] Preloader started
[Info   :   BepInEx] Loaded 1 patcher method from [BepInEx.Preloader 5.4.23.2]
[Info   :   BepInEx] Loaded 1 patcher method from [Tobey.BepInEx.Timestamp 1.0.0.0]
[Info   :   BepInEx] Loaded 1 patcher method from [Tobey.Subnautica.ConfigHandler.Patcher 1.0.2.0]
[Info   :   BepInEx] Loaded 1 patcher method from [Tobey.UnityAudio.Patcher 2.0.3.0]
[Info   :   BepInEx] 4 patcher plugins loaded
[Message: Timestamp] It is currently Mon, 27 Jan 2025 12:40:23 GMT according to http://google.com
[Info   :Legacy Config Handler] Applying override mode: Default
[Info   :   BepInEx] Patching [UnityEngine.CoreModule] with [BepInEx.Chainloader]
[Info   :Unity Audio Patcher] Enabling Unity Audio...
[Info   :Unity Audio Patcher] Unity Audio is already enabled, skipping patching.
[Message:   BepInEx] Preloader finished
[Message:   BepInEx] Chainloader ready
[Message:   BepInEx] Chainloader started
[Info   :   BepInEx] 17 plugins to load
[Info   :   BepInEx] Loading [No PDA Delay 1.1.0]
[Info   :   BepInEx] Loading [Nautilus 1.0.0.34]
[Info   :   Console] [Nautilus/Info] Enable debug logs set to: False
[Info   :  Nautilus] Loading v1.0.0.34 for Subnautica
[Info   :  Nautilus] Extra item info set to: Mod name (default)
[Info   : Unity Log] PrefabDatabase::LoadPrefabDatabase(count: 3336)
[Info   : Unity Log] Caching tech types for 3336 prefabs
[Info   :  Nautilus] NewtonsoftJsonPatcher.InitializeValuesAndNamesTranspiler succeeded: True
[Info   :   BepInEx] Loading [Deathrun Remade 1.0.6]
[Info   :Deathrun Remade] Deathrun Remade v1.0.6 starting up.
[Info   :Deathrun Remade] Finished loading.
[Info   :   BepInEx] Loading [FreeLook 2.4.1]
[Info   :   BepInEx] Loading [CyclopsDockingMod 2.1.1]
[Message:CyclopsDockingMod] Initializing Cyclops Docking mod...
[Message:CyclopsDockingMod] Loading configuration from "D:/Steam/steamapps/common/Subnautica/BepInEx/plugins/CyclopsDockingMod/Config.txt"...
[Message:CyclopsDockingMod] Loaded openModSettingsKey: F7
[Message:CyclopsDockingMod] Loaded powercellsChargeSpeed: 25/100
[Message:CyclopsDockingMod] Loaded autoDockingRange: 13m
[Message:CyclopsDockingMod] Loaded enableManualDocking: false
[Message:CyclopsDockingMod] Loaded manualDockingKey: O
[Message:CyclopsDockingMod] Loaded ladderTintColor: None
[Message:CyclopsDockingMod] Loaded simpleDockingManeuver: false
[Message:CyclopsDockingMod] Loaded basePieceRecipe: Titanium,Titanium,Titanium,Lubricant,Lead
[Message:CyclopsDockingMod] Loaded enableAutoPilotFeature: true
[Message:CyclopsDockingMod] Loaded defaultTextSize: 1
[Message:CyclopsDockingMod] Loaded defaultTextColor: Yellow
[Message:CyclopsDockingMod] Loaded defaultBackground: true
[Message:CyclopsDockingMod] Loaded noCyclopsText: « No Cyclops docked »
[Message:CyclopsDockingMod] Loaded cyclopsDockedText: « Cyclops docked: Energy {0}% »
[Message:CyclopsDockingMod] Loaded climbIntoCyclopsText: « Climb into Cyclops »
[Message:CyclopsDockingMod] Loaded basePieceName: « Cyclops docking hatch »
[Message:CyclopsDockingMod] Loaded basePieceDescription: « A module for mooring the Cyclops to a base. Allows quick base/Cyclops transitions and recharges Cyclops powercells. »
[Message:CyclopsDockingMod] Loaded noRouteSelected: « No route selected »
[Message:CyclopsDockingMod] Loaded createNewRoute: « New route »
[Message:CyclopsDockingMod] Loaded defaultRouteName: « Route {0} »
[Message:CyclopsDockingMod] Loaded btnSelectionTooltip: « Change selection »
[Message:CyclopsDockingMod] Loaded btnRenameRouteTooltip: « Rename route »
[Message:CyclopsDockingMod] Loaded btnStartRecordTooltip: « Start recording route »
[Message:CyclopsDockingMod] Loaded btnStopRecordTooltip: « Stop recording route »
[Message:CyclopsDockingMod] Loaded btnStartAutoPilotTooltip: « Start auto-pilot »
[Message:CyclopsDockingMod] Loaded btnStopAutoPilotTooltip: « Stop auto-pilot »
[Message:CyclopsDockingMod] Loaded btnRemoveRouteTooltip: « Remove route »
[Message:CyclopsDockingMod] Loaded btnConfirmRouteRemovalTooltip: « Confirm route removal »
[Message:CyclopsDockingMod] Loaded btnCancelRouteRemovalTooltip: « Cancel route removal »
[Message:CyclopsDockingMod] Loaded selectRouteNotFound: « Route not found: Please select another. »
[Message:CyclopsDockingMod] Loaded cannotRenameWhileRecording: « Cannot rename route while recording. »
[Message:CyclopsDockingMod] Loaded cannotChangeRouteWhilePiloting: « Cannot change route while auto-piloting. »
[Message:CyclopsDockingMod] Loaded cannotChangeRouteWhileRecording: « Cannot change route while recording. »
[Message:CyclopsDockingMod] Loaded cannotChangeRouteWhileUndocked: « Cyclops needs to be docked. »
[Message:CyclopsDockingMod] Loaded cannotRemoveRouteWhilePiloting: « Cannot remove route while auto-piloting. »
[Message:CyclopsDockingMod] Loaded cannotRemoveRouteWhileRecording: « Cannot remove route while recording. »
[Message:CyclopsDockingMod] Loaded cannotRenameWhileRemoving: « Cannot rename route (pending route removal). »
[Message:CyclopsDockingMod] Loaded cannotChangeRouteWhileRemoving: « Cannot change route (pending route removal). »
[Message:CyclopsDockingMod] Loaded cannotStartAutoPilotWhileRemoving: « Cannot start auto-pilot (pending route removal). »
[Message:CyclopsDockingMod] Loaded autoPilotStart: « Auto-pilot start: {0} »
[Message:CyclopsDockingMod] Loaded autoPilotStop: « Auto-pilot stop: {0} »
[Message:CyclopsDockingMod] Loaded recordingRouteStart: « Recording route... »
[Message:CyclopsDockingMod] Loaded recordingRouteStop: « Recording stopped: {0} created. »
[Message:CyclopsDockingMod] Loaded recordingRouteCancelled: « Recording cancelled. »
[Message:CyclopsDockingMod] Loaded reachedRouteEnd: « Reached route end. »
[Message:CyclopsDockingMod] Cyclops Docking mod initialized successfully.
[Info   :   BepInEx] Loading [Cyclops Camera Zoom 1.0.0]
[Info   :Cyclops Camera Zoom] Successfully loaded Cyclops Camera Zoom (Version 1.0.0)!
[Info   :Cyclops Camera Zoom] > Thank you very much for using my mod! - Vip
[Info   :   BepInEx] Loading [AnisotropicFix 2.0]
[Info   :   Console] [Anisotropic Fix] Patched
[Info   :   BepInEx] Loading [Performance Booster 2.1]
[Info   :   Console] [Performance Booster] Patched
[Info   :   BepInEx] Loading [Blueprints Improved UI 1.0.2]
[Info   :Blueprints Improved UI] Blueprints Improved UI 1.0.2 loaded.
[Info   :   BepInEx] Loading [Repair Transport Lights by AlHazrad 1.0]
[Info   :Repair Transport Lights by AlHazrad] Repair Transport Lights by AlHazrad 1.0 _________________ is loaded!
[Info   :   BepInEx] Loading [Volume Control 1.2.1]
[Warning: Unity Log] The script 'VolumeControl.Main' could not be instantiated!
[Info   :   BepInEx] Loading [Geysers Performance Fix 1.0.1.0]
[Info   :   Console] [GeysersPerformanceFix/Info] Successfully patched
[Info   :   BepInEx] Loading [FastLoadingScreen 2.0.1]
[Info   :FastLoadingScreen] Initialising Fast Loading Screen v2.0.1
[Info   :FastLoadingScreen] Harmony patches applied in 18ms.
[Info   :FastLoadingScreen] Initialised in 19ms.
[Info   :   BepInEx] Loading [File Tree 1.0.1]
[Info   :   BepInEx] Loading [Subnautica Config Handler 1.0.2]
[Info   :   BepInEx] Loading [Unity Audio Patcher 2.0.3]
[Info   :   BepInEx] Loading [VisibleLockerInterior 2.0.0]
[Message:   BepInEx] Chainloader startup complete
[Message:Unity Audio Patcher] Attempting to determine the runtime state of Unity Audio...
[Message: File Tree] D:\Steam\steamapps\common\Subnautica
[Message: File Tree] |
[Message: File Tree] |-- .git
[Message: File Tree] |   |
[Message: File Tree] |   \-- (contents not shown)
[Message: File Tree] |
[Message: File Tree] |-- BepInEx
[Message: File Tree] |   |
[Message: File Tree] |   |-- cache
[Message: File Tree] |   |   |
[Message: File Tree] |   |   |-- chainloader_typeloader.dat [3,68 KB]
[Message: File Tree] |   |   \-- harmony_interop_cache.dat [4,11 KB]
[Message: File Tree] |   |
[Message: File Tree] |   |-- config
[Message: File Tree] |   |   |
[Message: File Tree] |   |   |-- CyclopsCameraZoom
[Message: File Tree] |   |   |   |
[Message: File Tree] |   |   |   \-- config.json [27 B]
[Message: File Tree] |   |   |
[Message: File Tree] |   |   |-- FreeLook
[Message: File Tree] |   |   |   |
[Message: File Tree] |   |   |   \-- config.json [110 B]
[Message: File Tree] |   |   |
[Message: File Tree] |   |   |-- Nautilus
[Message: File Tree] |   |   |   |
[Message: File Tree] |   |   |   |-- RestrictedIDs
[Message: File Tree] |   |   |   |
[Message: File Tree] |   |   |   |-- TechTypeCache
[Message: File Tree] |   |   |   |   |
[Message: File Tree] |   |   |   |   |-- TechTypeCache.txt [539 B]
[Message: File Tree] |   |   |   |   \-- TechTypeDeactivatedCache.txt [0 b]
[Message: File Tree] |   |   |   |
[Message: File Tree] |   |   |   |-- ExtraItemInfo.txt [18 B]
[Message: File Tree] |   |   |   \-- headings_states.json [130 B]
[Message: File Tree] |   |   |
[Message: File Tree] |   |   |-- BepInEx.cfg [5,43 KB]
[Message: File Tree] |   |   |-- com.essence.NoPdaDelay.cfg [327 B]
[Message: File Tree] |   |   |-- DeathrunRemade.cfg [8,6 KB]
[Message: File Tree] |   |   |-- Tobey.BepInEx.Timestamp.cfg [492 B]
[Message: File Tree] |   |   |-- Tobey.FileTree.cfg [403 B]
[Message: File Tree] |   |   |-- Tobey.Subnautica.ConfigHandler.cfg [1,25 KB]
[Message: File Tree] |   |   |-- Tobey.UnityAudio.cfg [2,13 KB]
[Message: File Tree] |   |   \-- __folder_managed_by_vortex [96 B]
[Message: File Tree] |   |
[Message: File Tree] |   |-- core
[Message: File Tree] |   |   |
[Message: File Tree] |   |   |-- 0Harmony.dll [200 KB]
[Message: File Tree] |   |   |-- 0Harmony.xml [260,85 KB]
[Message: File Tree] |   |   |-- 0Harmony20.dll [109 KB]
[Message: File Tree] |   |   |-- BepInEx.dll [124,5 KB]
[Message: File Tree] |   |   |-- BepInEx.Harmony.dll [5,5 KB]
[Message: File Tree] |   |   |-- BepInEx.Harmony.xml [3,96 KB]
[Message: File Tree] |   |   |-- BepInEx.Preloader.dll [41,5 KB]
[Message: File Tree] |   |   |-- BepInEx.Preloader.xml [7,78 KB]
[Message: File Tree] |   |   |-- BepInEx.xml [87,73 KB]
[Message: File Tree] |   |   |-- HarmonyXInterop.dll [23 KB]
[Message: File Tree] |   |   |-- Mono.Cecil.dll [331,5 KB]
[Message: File Tree] |   |   |-- Mono.Cecil.Mdb.dll [42 KB]
[Message: File Tree] |   |   |-- Mono.Cecil.Pdb.dll [84,5 KB]
[Message: File Tree] |   |   |-- Mono.Cecil.Rocks.dll [27 KB]
[Message: File Tree] |   |   |-- MonoMod.RuntimeDetour.dll [103,5 KB]
[Message: File Tree] |   |   |-- MonoMod.RuntimeDetour.xml [9,19 KB]
[Message: File Tree] |   |   |-- MonoMod.Utils.dll [183,5 KB]
[Message: File Tree] |   |   |-- MonoMod.Utils.xml [77,12 KB]
[Message: File Tree] |   |   \-- __folder_managed_by_vortex [96 B]
[Message: File Tree] |   |
[Message: File Tree] |   |-- patchers
[Message: File Tree] |   |   |
[Message: File Tree] |   |   |-- Tobey
[Message: File Tree] |   |   |   |
[Message: File Tree] |   |   |   |-- ConfigHandler
[Message: File Tree] |   |   |   |   |
[Message: File Tree] |   |   |   |   |-- Tobey.Subnautica.ConfigHandler.Configuration.dll [11,5 KB]
[Message: File Tree] |   |   |   |   |-- Tobey.Subnautica.ConfigHandler.Patcher.dll [729 KB]
[Message: File Tree] |   |   |   |   \-- __folder_managed_by_vortex [96 B]
[Message: File Tree] |   |   |   |
[Message: File Tree] |   |   |   |-- UnityAudio
[Message: File Tree] |   |   |   |   |
[Message: File Tree] |   |   |   |   |-- Tobey.UnityAudio.Patcher.dll [730,5 KB]
[Message: File Tree] |   |   |   |   |-- Tobey.UnityAudio.Shared.dll [9 KB]
[Message: File Tree] |   |   |   |   \-- __folder_managed_by_vortex [96 B]
[Message: File Tree] |   |   |   |
[Message: File Tree] |   |   |   |-- Tobey.BepInEx.Timestamp.dll [7,5 KB]
[Message: File Tree] |   |   |   \-- __folder_managed_by_vortex [96 B]
[Message: File Tree] |   |   |
[Message: File Tree] |   |   \-- __folder_managed_by_vortex [96 B]
[Message: File Tree] |   |
[Message: File Tree] |   |-- plugins
[Message: File Tree] |   |   |
[Message: File Tree] |   |   |-- Blueprints Improved UI
[Message: File Tree] |   |   |   |
[Message: File Tree] |   |   |   |-- Blueprints Improved UI.dll [8 KB]
[Message: File Tree] |   |   |   \-- __folder_managed_by_vortex [96 B]
[Message: File Tree] |   |   |
[Message: File Tree] |   |   |-- CustomLoadScreen
[Message: File Tree] |   |   |   |
[Message: File Tree] |   |   |   |-- Images
[Message: File Tree] |   |   |   |   |
[Message: File Tree] |   |   |   |   \-- __folder_managed_by_vortex [96 B]
[Message: File Tree] |   |   |   |
[Message: File Tree] |   |   |   \-- __folder_managed_by_vortex [96 B]
[Message: File Tree] |   |   |
[Message: File Tree] |   |   |-- CyclopsDockingMod
[Message: File Tree] |   |   |   |
[Message: File Tree] |   |   |   |-- Assets
[Message: File Tree] |   |   |   |   |
[Message: File Tree] |   |   |   |   |-- models.assets [4,35 MB]
[Message: File Tree] |   |   |   |   |-- models.manifest [2,11 KB]
[Message: File Tree] |   |   |   |   \-- __folder_managed_by_vortex [96 B]
[Message: File Tree] |   |   |   |
[Message: File Tree] |   |   |   |-- Config.txt [8,48 KB]
[Message: File Tree] |   |   |   |-- CyclopsDockingMod.dll [135,5 KB]
[Message: File Tree] |   |   |   \-- __folder_managed_by_vortex [96 B]
[Message: File Tree] |   |   |
[Message: File Tree] |   |   |-- DeathrunRemade
[Message: File Tree] |   |   |   |
[Message: File Tree] |   |   |   |-- Assets
[Message: File Tree] |   |   |   |   |
[Message: File Tree] |   |   |   |   |-- Localization
[Message: File Tree] |   |   |   |   |   |
[Message: File Tree] |   |   |   |   |   |-- English.json [13,42 KB]
[Message: File Tree] |   |   |   |   |   \-- __folder_managed_by_vortex [96 B]
[Message: File Tree] |   |   |   |   |
[Message: File Tree] |   |   |   |   |-- DeathrunStarts.csv [707 B]
[Message: File Tree] |   |   |   |   |-- highscoreswindow [368,38 KB]
[Message: File Tree] |   |   |   |   |-- RecipeChanges.json [29,02 KB]
[Message: File Tree] |   |   |   |   |-- safedepthhud [6,36 KB]
[Message: File Tree] |   |   |   |   |-- ScanNumberChanges.json [4,56 KB]
[Message: File Tree] |   |   |   |   \-- __folder_managed_by_vortex [96 B]
[Message: File Tree] |   |   |   |
[Message: File Tree] |   |   |   |-- DeathrunRemade.dll [530 KB]
[Message: File Tree] |   |   |   |-- DeathrunStats.sav [1,47 KB]
[Message: File Tree] |   |   |   \-- __folder_managed_by_vortex [96 B]
[Message: File Tree] |   |   |
[Message: File Tree] |   |   |-- FreeLook
[Message: File Tree] |   |   |   |
[Message: File Tree] |   |   |   |-- FreeLook.dll [18 KB]
[Message: File Tree] |   |   |   \-- __folder_managed_by_vortex [96 B]
[Message: File Tree] |   |   |
[Message: File Tree] |   |   |-- GeysersPerformanceFix
[Message: File Tree] |   |   |   |
[Message: File Tree] |   |   |   |-- GeysersPerformanceFix.dll [7 KB]
[Message: File Tree] |   |   |   \-- __folder_managed_by_vortex [96 B]
[Message: File Tree] |   |   |
[Message: File Tree] |   |   |-- Nautilus
[Message: File Tree] |   |   |   |
[Message: File Tree] |   |   |   |-- Nautilus.dll [476 KB]
[Message: File Tree] |   |   |   |-- Nautilus.xml [574,13 KB]
[Message: File Tree] |   |   |   \-- __folder_managed_by_vortex [96 B]
[Message: File Tree] |   |   |
[Message: File Tree] |   |   |-- Performance Booster
[Message: File Tree] |   |   |   |
[Message: File Tree] |   |   |   |-- PerformanceBooster.dll [14,5 KB]
[Message: File Tree] |   |   |   \-- __folder_managed_by_vortex [96 B]
[Message: File Tree] |   |   |
[Message: File Tree] |   |   |-- RepairTransportLights
[Message: File Tree] |   |   |   |
[Message: File Tree] |   |   |   |-- RepairTransportLights.dll [10,5 KB]
[Message: File Tree] |   |   |   \-- __folder_managed_by_vortex [96 B]
[Message: File Tree] |   |   |
[Message: File Tree] |   |   |-- Subnautica Databank
[Message: File Tree] |   |   |   |
[Message: File Tree] |   |   |   |-- All
[Message: File Tree] |   |   |   |   |
[Message: File Tree] |   |   |   |   |-- All Data Bank Entries
[Message: File Tree] |   |   |   |   |   |
[Message: File Tree] |   |   |   |   |   |-- Acid Mushroom.jpg [225,82 KB]
[Message: File Tree] |   |   |   |   |   |-- Alien Building Block.jpg [219,85 KB]
[Message: File Tree] |   |   |   |   |   |-- Alien Carving.jpg [198,19 KB]
[Message: File Tree] |   |   |   |   |   |-- Alien Containment.jpg [533,34 KB]
[Message: File Tree] |   |   |   |   |   |-- Alien Rifle.jpg [177,83 KB]
[Message: File Tree] |   |   |   |   |   |-- Alien Robot.jpg [321,95 KB]
[Message: File Tree] |   |   |   |   |   |-- Alien Statue.jpg [168,54 KB]
[Message: File Tree] |   |   |   |   |   |-- All-Environment Protection Suit.jpg [161,72 KB]
[Message: File Tree] |   |   |   |   |   |-- Amoeboid.jpg [612,35 KB]
[Message: File Tree] |   |   |   |   |   |-- Ampeel.jpg [515,43 KB]
[Message: File Tree] |   |   |   |   |   |-- Anchor Pod.jpg [590,69 KB]
[Message: File Tree] |   |   |   |   |   |-- Ancient Earth Blade.jpg [172,72 KB]
[Message: File Tree] |   |   |   |   |   |-- Ancient Floater.jpg [588,38 KB]
[Message: File Tree] |   |   |   |   |   |-- Ancient Skeleton.jpg [210,21 KB]
[Message: File Tree] |   |   |   |   |   |-- Aurora.jpg [524,54 KB]
[Message: File Tree] |   |   |   |   |   |-- Bioreactor.jpg [472,49 KB]
[Message: File Tree] |   |   |   |   |   |-- Biter.jpg [404,72 KB]
[Message: File Tree] |   |   |   |   |   |-- Bladderfish.jpg [106,38 KB]
[Message: File Tree] |   |   |   |   |   |-- Bleeder.jpg [217,97 KB]
[Message: File Tree] |   |   |   |   |   |-- Blighter.jpg [461,93 KB]
[Message: File Tree] |   |   |   |   |   |-- Blood Crawler.jpg [462,76 KB]
[Message: File Tree] |   |   |   |   |   |-- Bloodroot.jpg [483,58 KB]
[Message: File Tree] |   |   |   |   |   |-- Bloodvine.jpg [480,61 KB]
[Message: File Tree] |   |   |   |   |   |-- Blue Palm.jpg [456,53 KB]
[Message: File Tree] |   |   |   |   |   |-- Blue Tablet.jpg [528,7 KB]
[Message: File Tree] |   |   |   |   |   |-- Boneshark.jpg [514,65 KB]
[Message: File Tree] |   |   |   |   |   |-- Boomerang.jpg [74,61 KB]
[Message: File Tree] |   |   |   |   |   |-- Brain Coral.jpg [250,67 KB]
[Message: File Tree] |   |   |   |   |   |-- Brine Lily.jpg [550,27 KB]
[Message: File Tree] |   |   |   |   |   |-- Bulb Bush.jpg [590,54 KB]
[Message: File Tree] |   |   |   |   |   |-- Bulbo Tree.jpg [257,34 KB]
[Message: File Tree] |   |   |   |   |   |-- Cave Bush.jpg [494,49 KB]
[Message: File Tree] |   |   |   |   |   |-- Cave Crawler.jpg [440,97 KB]
[Message: File Tree] |   |   |   |   |   |-- Chinese Potato Plant.jpg [222,9 KB]
[Message: File Tree] |   |   |   |   |   |-- Coral Shell Plate.jpg [373,04 KB]
[Message: File Tree] |   |   |   |   |   |-- Crab Claw Kelp.jpg [565,89 KB]
[Message: File Tree] |   |   |   |   |   |-- Crabsnake.jpg [447,82 KB]
[Message: File Tree] |   |   |   |   |   |-- Crabsquid.jpg [496,52 KB]
[Message: File Tree] |   |   |   |   |   |-- Crashfish.jpg [425,61 KB]
[Message: File Tree] |   |   |   |   |   |-- Creature Decoy.jpg [499,89 KB]
[Message: File Tree] |   |   |   |   |   |-- Creepvine Seed Cluster.jpg [519,68 KB]
[Message: File Tree] |   |   |   |   |   |-- Creepvine.jpg [477,88 KB]
[Message: File Tree] |   |   |   |   |   |-- Crimson Ray.jpg [134,92 KB]
[Message: File Tree] |   |   |   |   |   |-- CuteFish.jpg [500,59 KB]
[Message: File Tree] |   |   |   |   |   |-- Cyclops.jpg [171,3 KB]
[Message: File Tree] |   |   |   |   |   |-- Deep Shroom.jpg [485,85 KB]
[Message: File Tree] |   |   |   |   |   |-- Doomsday Device.jpg [171,95 KB]
[Message: File Tree] |   |   |   |   |   |-- Drooping Stinger.jpg [416,99 KB]
[Message: File Tree] |   |   |   |   |   |-- Eye Stalk.jpg [189,62 KB]
[Message: File Tree] |   |   |   |   |   |-- Eyeye.jpg [416,35 KB]
[Message: File Tree] |   |   |   |   |   |-- Fern Palm.jpg [203,15 KB]
[Message: File Tree] |   |   |   |   |   |-- Floater.jpg [504,78 KB]
[Message: File Tree] |   |   |   |   |   |-- Floating Air Pump.jpg [552,94 KB]
[Message: File Tree] |   |   |   |   |   |-- Floodlight.jpg [483,52 KB]
[Message: File Tree] |   |   |   |   |   |-- Furled Papyrus.jpg [508,01 KB]
[Message: File Tree] |   |   |   |   |   |-- Gabe's Feather.jpg [498,04 KB]
[Message: File Tree] |   |   |   |   |   |-- Gargantuan Fossil.jpg [576,94 KB]
[Message: File Tree] |   |   |   |   |   |-- Garryfish.jpg [382,46 KB]
[Message: File Tree] |   |   |   |   |   |-- Gasopod.jpg [479,06 KB]
[Message: File Tree] |   |   |   |   |   |-- Gel Sack.jpg [526,33 KB]
[Message: File Tree] |   |   |   |   |   |-- Ghost Leviathan.jpg [232,95 KB]
[Message: File Tree] |   |   |   |   |   |-- Ghost Ray.jpg [131,28 KB]
[Message: File Tree] |   |   |   |   |   |-- Giant Cove Tree.jpg [148,77 KB]
[Message: File Tree] |   |   |   |   |   |-- Grav Trap.jpg [164,92 KB]
[Message: File Tree] |   |   |   |   |   |-- Grub Basket.jpg [503,34 KB]
[Message: File Tree] |   |   |   |   |   |-- Habitat Builder.jpg [155,26 KB]
[Message: File Tree] |   |   |   |   |   |-- Holefish.jpg [63,64 KB]
[Message: File Tree] |   |   |   |   |   |-- Holographic Projector.jpg [199,06 KB]
[Message: File Tree] |   |   |   |   |   |-- Hoopfish.jpg [468 KB]
[Message: File Tree] |   |   |   |   |   |-- Hoverfish.jpg [448,21 KB]
[Message: File Tree] |   |   |   |   |   |-- Jaffa Cup.jpg [491,52 KB]
[Message: File Tree] |   |   |   |   |   |-- Jellyray.jpg [328,89 KB]
[Message: File Tree] |   |   |   |   |   |-- Jellyshroom.jpg [543,53 KB]
[Message: File Tree] |   |   |   |   |   |-- Lantern Tree.jpg [271,53 KB]
[Message: File Tree] |   |   |   |   |   |-- Laser Cutter.jpg [158,12 KB]
[Message: File Tree] |   |   |   |   |   |-- Lava Larva.jpg [306,16 KB]
[Message: File Tree] |   |   |   |   |   |-- Lava Lizard.jpg [494,52 KB]
[Message: File Tree] |   |   |   |   |   |-- Lifepod.jpg [160,76 KB]
[Message: File Tree] |   |   |   |   |   |-- Light Stick.jpg [156,17 KB]
[Message: File Tree] |   |   |   |   |   |-- Magmarang.jpg [66,53 KB]
[Message: File Tree] |   |   |   |   |   |-- Marblemelon.jpg [244,26 KB]
[Message: File Tree] |   |   |   |   |   |-- Membrain Tree.jpg [211,13 KB]
[Message: File Tree] |   |   |   |   |   |-- Mesmer.jpg [469 KB]
[Message: File Tree] |   |   |   |   |   |-- Ming Plant.jpg [508,42 KB]
[Message: File Tree] |   |   |   |   |   |-- Mobile Vehicle Bay.jpg [533,89 KB]
[Message: File Tree] |   |   |   |   |   |-- Modification Station.jpg [498,35 KB]
[Message: File Tree] |   |   |   |   |   |-- Moonpool.jpg [174,76 KB]
[Message: File Tree] |   |   |   |   |   |-- Neptune Rocket.jpg [184,04 KB]
[Message: File Tree] |   |   |   |   |   |-- Nuclear Reactor.jpg [491,82 KB]
[Message: File Tree] |   |   |   |   |   |-- Occulus.jpg [465,5 KB]
[Message: File Tree] |   |   |   |   |   |-- Orange Tablet.jpg [537,24 KB]
[Message: File Tree] |   |   |   |   |   |-- Organic Matter Particulator.jpg [174,92 KB]
[Message: File Tree] |   |   |   |   |   |-- P.R.A.W.N. Suit.jpg [194,8 KB]
[Message: File Tree] |   |   |   |   |   |-- Peeper.jpg [437,5 KB]
[Message: File Tree] |   |   |   |   |   |-- Pink Cap.jpg [186,35 KB]
[Message: File Tree] |   |   |   |   |   |-- PRAWN Suit.jpg [187,24 KB]
[Message: File Tree] |   |   |   |   |   |-- Propulsion Cannon.jpg [155,52 KB]
[Message: File Tree] |   |   |   |   |   |-- Purple Tablet.jpg [547,25 KB]
[Message: File Tree] |   |   |   |   |   |-- Pygmy Fan.jpg [207,52 KB]
[Message: File Tree] |   |   |   |   |   |-- Pyrocoral.jpg [597,95 KB]
[Message: File Tree] |   |   |   |   |   |-- Rabbit Ray.jpg [107,11 KB]
[Message: File Tree] |   |   |   |   |   |-- Radiation Suit.jpg [169,81 KB]
[Message: File Tree] |   |   |   |   |   |-- Reaper Leviathan.jpg [484,85 KB]
[Message: File Tree] |   |   |   |   |   |-- Red Eyeye.jpg [65,29 KB]
[Message: File Tree] |   |   |   |   |   |-- Redwort.jpg [592,71 KB]
[Message: File Tree] |   |   |   |   |   |-- Reefback.jpg [555,04 KB]
[Message: File Tree] |   |   |   |   |   |-- Reginald.jpg [475,24 KB]
[Message: File Tree] |   |   |   |   |   |-- Regress Shell.jpg [591,58 KB]
[Message: File Tree] |   |   |   |   |   |-- Reinforced Dive Suit.jpg [124,27 KB]
[Message: File Tree] |   |   |   |   |   |-- Repair Tool.jpg [154,07 KB]
[Message: File Tree] |   |   |   |   |   |-- Research Specimen Theta.jpg [222,51 KB]
[Message: File Tree] |   |   |   |   |   |-- River Prowler.jpg [581,68 KB]
[Message: File Tree] |   |   |   |   |   |-- Rock Grub.jpg [433,61 KB]
[Message: File Tree] |   |   |   |   |   |-- Rouge Cradle.jpg [586,78 KB]
[Message: File Tree] |   |   |   |   |   |-- Rudimentary Tablet.jpg [188,09 KB]
[Message: File Tree] |   |   |   |   |   |-- Sand Shark.jpg [466,94 KB]
[Message: File Tree] |   |   |   |   |   |-- Scanner Room.jpg [159,4 KB]
[Message: File Tree] |   |   |   |   |   |-- Scanner.jpg [167,01 KB]
[Message: File Tree] |   |   |   |   |   |-- Sea Crown.jpg [533,77 KB]
[Message: File Tree] |   |   |   |   |   |-- Sea Dragon.jpg [80,81 KB]
[Message: File Tree] |   |   |   |   |   |-- Sea Emperor Juvenile.jpg [556,63 KB]
[Message: File Tree] |   |   |   |   |   |-- Sea Treader.jpg [508,89 KB]
[Message: File Tree] |   |   |   |   |   |-- Seaglide.jpg [182,07 KB]
[Message: File Tree] |   |   |   |   |   |-- Seamoth.jpg [167,63 KB]
[Message: File Tree] |   |   |   |   |   |-- Shuttlebug.jpg [398,53 KB]
[Message: File Tree] |   |   |   |   |   |-- Skyray.jpg [418,73 KB]
[Message: File Tree] |   |   |   |   |   |-- Solar Panel.jpg [491,45 KB]
[Message: File Tree] |   |   |   |   |   |-- Spadefish.jpg [441,83 KB]
[Message: File Tree] |   |   |   |   |   |-- Speckled Rattler.jpg [180,04 KB]
[Message: File Tree] |   |   |   |   |   |-- Spiked Horn Grass.jpg [551,9 KB]
[Message: File Tree] |   |   |   |   |   |-- Spinefish.jpg [310,84 KB]
[Message: File Tree] |   |   |   |   |   |-- Spotted Dock Leaf.jpg [536,3 KB]
[Message: File Tree] |   |   |   |   |   |-- Stalker.jpg [417,85 KB]
[Message: File Tree] |   |   |   |   |   |-- Stasis Rifle.jpg [159,53 KB]
[Message: File Tree] |   |   |   |   |   |-- Stillsuit.jpg [129,93 KB]
[Message: File Tree] |   |   |   |   |   |-- Thermal Plant.jpg [542,76 KB]
[Message: File Tree] |   |   |   |   |   |-- Tiger Plant.jpg [567,01 KB]
[Message: File Tree] |   |   |   |   |   |-- Tracking Implant.jpg [184,02 KB]
[Message: File Tree] |   |   |   |   |   |-- Tree Leech.jpg [448,72 KB]
[Message: File Tree] |   |   |   |   |   |-- Universal Translator.jpg [184,21 KB]
[Message: File Tree] |   |   |   |   |   |-- Veined Nettle.jpg [189,89 KB]
[Message: File Tree] |   |   |   |   |   |-- Violet Beau.jpg [187,91 KB]
[Message: File Tree] |   |   |   |   |   |-- Voxel Shrub.jpg [552,34 KB]
[Message: File Tree] |   |   |   |   |   |-- Warper.jpg [504,34 KB]
[Message: File Tree] |   |   |   |   |   |-- Water Filtration Machine.jpg [491,2 KB]
[Message: File Tree] |   |   |   |   |   |-- Writhing Weed.jpg [309,69 KB]
[Message: File Tree] |   |   |   |   |   \-- __folder_managed_by_vortex [96 B]
[Message: File Tree] |   |   |   |   |
[Message: File Tree] |   |   |   |   |-- All Fauna
[Message: File Tree] |   |   |   |   |   |
[Message: File Tree] |   |   |   |   |   |-- Amoeboid.jpg [612,35 KB]
[Message: File Tree] |   |   |   |   |   |-- Ampeel.jpg [515,43 KB]
[Message: File Tree] |   |   |   |   |   |-- Ancient Floater.jpg [588,38 KB]
[Message: File Tree] |   |   |   |   |   |-- Ancient Skeleton.jpg [210,21 KB]
[Message: File Tree] |   |   |   |   |   |-- Biter.jpg [404,72 KB]
[Message: File Tree] |   |   |   |   |   |-- Bladderfish.jpg [106,38 KB]
[Message: File Tree] |   |   |   |   |   |-- Bleeder.jpg [217,97 KB]
[Message: File Tree] |   |   |   |   |   |-- Blighter.jpg [461,93 KB]
[Message: File Tree] |   |   |   |   |   |-- Blood Crawler.jpg [462,76 KB]
[Message: File Tree] |   |   |   |   |   |-- Boneshark.jpg [514,65 KB]
[Message: File Tree] |   |   |   |   |   |-- Boomerang.jpg [74,61 KB]
[Message: File Tree] |   |   |   |   |   |-- Brain Coral.jpg [250,67 KB]
[Message: File Tree] |   |   |   |   |   |-- Cave Crawler.jpg [440,97 KB]
[Message: File Tree] |   |   |   |   |   |-- Coral Shell Plate.jpg [373,04 KB]
[Message: File Tree] |   |   |   |   |   |-- Crabsnake.jpg [447,82 KB]
[Message: File Tree] |   |   |   |   |   |-- Crabsquid.jpg [496,52 KB]
[Message: File Tree] |   |   |   |   |   |-- Crashfish.jpg [425,61 KB]
[Message: File Tree] |   |   |   |   |   |-- Crimson Ray.jpg [134,92 KB]
[Message: File Tree] |   |   |   |   |   |-- CuteFish.jpg [500,59 KB]
[Message: File Tree] |   |   |   |   |   |-- Eyeye.jpg [416,35 KB]
[Message: File Tree] |   |   |   |   |   |-- Floater.jpg [504,78 KB]
[Message: File Tree] |   |   |   |   |   |-- Gargantuan Fossil.jpg [576,94 KB]
[Message: File Tree] |   |   |   |   |   |-- Garryfish.jpg [382,46 KB]
[Message: File Tree] |   |   |   |   |   |-- Gasopod.jpg [479,06 KB]
[Message: File Tree] |   |   |   |   |   |-- Ghost Leviathan.jpg [232,95 KB]
[Message: File Tree] |   |   |   |   |   |-- Ghost Ray.jpg [131,28 KB]
[Message: File Tree] |   |   |   |   |   |-- Holefish.jpg [63,64 KB]
[Message: File Tree] |   |   |   |   |   |-- Hoopfish.jpg [468 KB]
[Message: File Tree] |   |   |   |   |   |-- Hoverfish.jpg [448,21 KB]
[Message: File Tree] |   |   |   |   |   |-- Jellyray.jpg [328,89 KB]
[Message: File Tree] |   |   |   |   |   |-- Lava Larva.jpg [306,16 KB]
[Message: File Tree] |   |   |   |   |   |-- Lava Lizard.jpg [494,52 KB]
[Message: File Tree] |   |   |   |   |   |-- Magmarang.jpg [66,53 KB]
[Message: File Tree] |   |   |   |   |   |-- Mesmer.jpg [469 KB]
[Message: File Tree] |   |   |   |   |   |-- Occulus.jpg [465,5 KB]
[Message: File Tree] |   |   |   |   |   |-- Peeper.jpg [437,5 KB]
[Message: File Tree] |   |   |   |   |   |-- Pyrocoral.jpg [597,95 KB]
[Message: File Tree] |   |   |   |   |   |-- Rabbit Ray.jpg [107,11 KB]
[Message: File Tree] |   |   |   |   |   |-- Reaper Leviathan.jpg [484,85 KB]
[Message: File Tree] |   |   |   |   |   |-- Red Eyeye.jpg [65,29 KB]
[Message: File Tree] |   |   |   |   |   |-- Reefback.jpg [555,04 KB]
[Message: File Tree] |   |   |   |   |   |-- Reginald.jpg [475,24 KB]
[Message: File Tree] |   |   |   |   |   |-- Research Specimen Theta.jpg [222,51 KB]
[Message: File Tree] |   |   |   |   |   |-- River Prowler.jpg [581,68 KB]
[Message: File Tree] |   |   |   |   |   |-- Rock Grub.jpg [433,61 KB]
[Message: File Tree] |   |   |   |   |   |-- Sand Shark.jpg [466,94 KB]
[Message: File Tree] |   |   |   |   |   |-- Sea Dragon.jpg [80,81 KB]
[Message: File Tree] |   |   |   |   |   |-- Sea Emperor Juvenile.jpg [556,63 KB]
[Message: File Tree] |   |   |   |   |   |-- Sea Treader.jpg [508,89 KB]
[Message: File Tree] |   |   |   |   |   |-- Shuttlebug.jpg [398,53 KB]
[Message: File Tree] |   |   |   |   |   |-- Skyray.jpg [418,73 KB]
[Message: File Tree] |   |   |   |   |   |-- Spadefish.jpg [441,83 KB]
[Message: File Tree] |   |   |   |   |   |-- Spinefish.jpg [310,84 KB]
[Message: File Tree] |   |   |   |   |   |-- Stalker.jpg [417,85 KB]
[Message: File Tree] |   |   |   |   |   |-- Warper.jpg [504,34 KB]
[Message: File Tree] |   |   |   |   |   \-- __folder_managed_by_vortex [96 B]
[Message: File Tree] |   |   |   |   |
[Message: File Tree] |   |   |   |   |-- All Flora
[Message: File Tree] |   |   |   |   |   |
[Message: File Tree] |   |   |   |   |   |-- Acid Mushroom.jpg [225,82 KB]
[Message: File Tree] |   |   |   |   |   |-- Anchor Pod.jpg [590,69 KB]
[Message: File Tree] |   |   |   |   |   |-- Bloodroot.jpg [483,58 KB]
[Message: File Tree] |   |   |   |   |   |-- Bloodvine.jpg [480,61 KB]
[Message: File Tree] |   |   |   |   |   |-- Blue Palm.jpg [456,53 KB]
[Message: File Tree] |   |   |   |   |   |-- Brine Lily.jpg [550,27 KB]
[Message: File Tree] |   |   |   |   |   |-- Bulb Bush.jpg [590,54 KB]
[Message: File Tree] |   |   |   |   |   |-- Bulbo Tree.jpg [257,34 KB]
[Message: File Tree] |   |   |   |   |   |-- Cave Bush.jpg [494,49 KB]
[Message: File Tree] |   |   |   |   |   |-- Chinese Potato Plant.jpg [222,9 KB]
[Message: File Tree] |   |   |   |   |   |-- Crab Claw Kelp.jpg [565,89 KB]
[Message: File Tree] |   |   |   |   |   |-- Creepvine Seed Cluster.jpg [519,68 KB]
[Message: File Tree] |   |   |   |   |   |-- Creepvine.jpg [477,88 KB]
[Message: File Tree] |   |   |   |   |   |-- Deep Shroom.jpg [485,85 KB]
[Message: File Tree] |   |   |   |   |   |-- Drooping Stinger.jpg [416,99 KB]
[Message: File Tree] |   |   |   |   |   |-- Eye Stalk.jpg [189,62 KB]
[Message: File Tree] |   |   |   |   |   |-- Fern Palm.jpg [203,15 KB]
[Message: File Tree] |   |   |   |   |   |-- Furled Papyrus.jpg [508,01 KB]
[Message: File Tree] |   |   |   |   |   |-- Gabe's Feather.jpg [498,04 KB]
[Message: File Tree] |   |   |   |   |   |-- Gel Sack.jpg [526,33 KB]
[Message: File Tree] |   |   |   |   |   |-- Giant Cove Tree.jpg [148,77 KB]
[Message: File Tree] |   |   |   |   |   |-- Grub Basket.jpg [503,34 KB]
[Message: File Tree] |   |   |   |   |   |-- Jaffa Cup.jpg [491,52 KB]
[Message: File Tree] |   |   |   |   |   |-- Jellyshroom.jpg [543,53 KB]
[Message: File Tree] |   |   |   |   |   |-- Lantern Tree.jpg [271,53 KB]
[Message: File Tree] |   |   |   |   |   |-- Marblemelon.jpg [244,26 KB]
[Message: File Tree] |   |   |   |   |   |-- Membrain Tree.jpg [211,13 KB]
[Message: File Tree] |   |   |   |   |   |-- Ming Plant.jpg [508,42 KB]
[Message: File Tree] |   |   |   |   |   |-- Pink Cap.jpg [186,35 KB]
[Message: File Tree] |   |   |   |   |   |-- Pygmy Fan.jpg [207,52 KB]
[Message: File Tree] |   |   |   |   |   |-- Redwort.jpg [592,71 KB]
[Message: File Tree] |   |   |   |   |   |-- Regress Shell.jpg [591,58 KB]
[Message: File Tree] |   |   |   |   |   |-- Rouge Cradle.jpg [586,78 KB]
[Message: File Tree] |   |   |   |   |   |-- Sea Crown.jpg [533,77 KB]
[Message: File Tree] |   |   |   |   |   |-- Speckled Rattler.jpg [180,04 KB]
[Message: File Tree] |   |   |   |   |   |-- Spiked Horn Grass.jpg [551,9 KB]
[Message: File Tree] |   |   |   |   |   |-- Spotted Dock Leaf.jpg [536,3 KB]
[Message: File Tree] |   |   |   |   |   |-- Tiger Plant.jpg [567,01 KB]
[Message: File Tree] |   |   |   |   |   |-- Tree Leech.jpg [448,72 KB]
[Message: File Tree] |   |   |   |   |   |-- Veined Nettle.jpg [189,89 KB]
[Message: File Tree] |   |   |   |   |   |-- Violet Beau.jpg [187,91 KB]
[Message: File Tree] |   |   |   |   |   |-- Voxel Shrub.jpg [552,34 KB]
[Message: File Tree] |   |   |   |   |   |-- Writhing Weed.jpg [309,69 KB]
[Message: File Tree] |   |   |   |   |   \-- __folder_managed_by_vortex [96 B]
[Message: File Tree] |   |   |   |   |
[Message: File Tree] |   |   |   |   |-- All Tech
[Message: File Tree] |   |   |   |   |   |
[Message: File Tree] |   |   |   |   |   |-- Alien Building Block.jpg [219,85 KB]
[Message: File Tree] |   |   |   |   |   |-- Alien Carving.jpg [198,19 KB]
[Message: File Tree] |   |   |   |   |   |-- Alien Containment.jpg [533,34 KB]
[Message: File Tree] |   |   |   |   |   |-- Alien Rifle.jpg [177,83 KB]
[Message: File Tree] |   |   |   |   |   |-- Alien Robot.jpg [321,95 KB]
[Message: File Tree] |   |   |   |   |   |-- Alien Statue.jpg [168,54 KB]
[Message: File Tree] |   |   |   |   |   |-- All-Environment Protection Suit.jpg [161,72 KB]
[Message: File Tree] |   |   |   |   |   |-- Ancient Earth Blade.jpg [172,72 KB]
[Message: File Tree] |   |   |   |   |   |-- Aurora.jpg [524,54 KB]
[Message: File Tree] |   |   |   |   |   |-- Bioreactor.jpg [472,49 KB]
[Message: File Tree] |   |   |   |   |   |-- Blue Tablet.jpg [528,7 KB]
[Message: File Tree] |   |   |   |   |   |-- Creature Decoy.jpg [499,89 KB]
[Message: File Tree] |   |   |   |   |   |-- Cyclops.jpg [171,3 KB]
[Message: File Tree] |   |   |   |   |   |-- Doomsday Device.jpg [171,95 KB]
[Message: File Tree] |   |   |   |   |   |-- Floating Air Pump.jpg [552,94 KB]
[Message: File Tree] |   |   |   |   |   |-- Floodlight.jpg [483,52 KB]
[Message: File Tree] |   |   |   |   |   |-- Grav Trap.jpg [164,92 KB]
[Message: File Tree] |   |   |   |   |   |-- Habitat Builder.jpg [155,26 KB]
[Message: File Tree] |   |   |   |   |   |-- Holographic Projector.jpg [199,06 KB]
[Message: File Tree] |   |   |   |   |   |-- Laser Cutter.jpg [158,12 KB]
[Message: File Tree] |   |   |   |   |   |-- Lifepod.jpg [160,76 KB]
[Message: File Tree] |   |   |   |   |   |-- Light Stick.jpg [156,17 KB]
[Message: File Tree] |   |   |   |   |   |-- Mobile Vehicle Bay.jpg [533,89 KB]
[Message: File Tree] |   |   |   |   |   |-- Modification Station.jpg [498,35 KB]
[Message: File Tree] |   |   |   |   |   |-- Moonpool.jpg [174,76 KB]
[Message: File Tree] |   |   |   |   |   |-- Neptune Rocket.jpg [184,04 KB]
[Message: File Tree] |   |   |   |   |   |-- Nuclear Reactor.jpg [491,82 KB]
[Message: File Tree] |   |   |   |   |   |-- Orange Tablet.jpg [537,24 KB]
[Message: File Tree] |   |   |   |   |   |-- Organic Matter Particulator.jpg [174,92 KB]
[Message: File Tree] |   |   |   |   |   |-- P.R.A.W.N. Suit.jpg [194,8 KB]
[Message: File Tree] |   |   |   |   |   |-- PRAWN Suit.jpg [187,24 KB]
[Message: File Tree] |   |   |   |   |   |-- Propulsion Cannon.jpg [155,52 KB]
[Message: File Tree] |   |   |   |   |   |-- Purple Tablet.jpg [547,25 KB]
[Message: File Tree] |   |   |   |   |   |-- Radiation Suit.jpg [169,81 KB]
[Message: File Tree] |   |   |   |   |   |-- Reinforced Dive Suit.jpg [124,27 KB]
[Message: File Tree] |   |   |   |   |   |-- Repair Tool.jpg [154,07 KB]
[Message: File Tree] |   |   |   |   |   |-- Rudimentary Tablet.jpg [188,09 KB]
[Message: File Tree] |   |   |   |   |   |-- Scanner Room.jpg [159,4 KB]
[Message: File Tree] |   |   |   |   |   |-- Scanner.jpg [167,01 KB]
[Message: File Tree] |   |   |   |   |   |-- Seaglide.jpg [182,07 KB]
[Message: File Tree] |   |   |   |   |   |-- Seamoth.jpg [167,63 KB]
[Message: File Tree] |   |   |   |   |   |-- Solar Panel.jpg [491,45 KB]
[Message: File Tree] |   |   |   |   |   |-- Stasis Rifle.jpg [159,53 KB]
[Message: File Tree] |   |   |   |   |   |-- Stillsuit.jpg [129,93 KB]
[Message: File Tree] |   |   |   |   |   |-- Thermal Plant.jpg [542,76 KB]
[Message: File Tree] |   |   |   |   |   |-- Tracking Implant.jpg [184,02 KB]
[Message: File Tree] |   |   |   |   |   |-- Universal Translator.jpg [184,21 KB]
[Message: File Tree] |   |   |   |   |   |-- Water Filtration Machine.jpg [491,2 KB]
[Message: File Tree] |   |   |   |   |   \-- __folder_managed_by_vortex [96 B]
[Message: File Tree] |   |   |   |   |
[Message: File Tree] |   |   |   |   \-- __folder_managed_by_vortex [96 B]
[Message: File Tree] |   |   |   |
[Message: File Tree] |   |   |   |-- Bio
[Message: File Tree] |   |   |   |   |
[Message: File Tree] |   |   |   |   |-- Fauna
[Message: File Tree] |   |   |   |   |   |
[Message: File Tree] |   |   |   |   |   |-- Aggressive
[Message: File Tree] |   |   |   |   |   |   |
[Message: File Tree] |   |   |   |   |   |   |-- Ampeel.jpg [515,43 KB]
[Message: File Tree] |   |   |   |   |   |   |-- Biter.jpg [404,72 KB]
[Message: File Tree] |   |   |   |   |   |   |-- Blighter.jpg [461,93 KB]
[Message: File Tree] |   |   |   |   |   |   |-- Boneshark.jpg [514,65 KB]
[Message: File Tree] |   |   |   |   |   |   |-- Crabsnake.jpg [447,82 KB]
[Message: File Tree] |   |   |   |   |   |   |-- Crabsquid.jpg [496,52 KB]
[Message: File Tree] |   |   |   |   |   |   |-- Crashfish.jpg [425,61 KB]
[Message: File Tree] |   |   |   |   |   |   |-- Lava Lizard.jpg [494,52 KB]
[Message: File Tree] |   |   |   |   |   |   |-- Mesmer.jpg [469 KB]
[Message: File Tree] |   |   |   |   |   |   |-- River Prowler.jpg [581,68 KB]
[Message: File Tree] |   |   |   |   |   |   |-- Sand Shark.jpg [466,94 KB]
[Message: File Tree] |   |   |   |   |   |   |-- Stalker.jpg [417,85 KB]
[Message: File Tree] |   |   |   |   |   |   |-- Warper.jpg [504,34 KB]
[Message: File Tree] |   |   |   |   |   |   \-- __folder_managed_by_vortex [96 B]
[Message: File Tree] |   |   |   |   |   |
[Message: File Tree] |   |   |   |   |   |-- Coral
[Message: File Tree] |   |   |   |   |   |   |
[Message: File Tree] |   |   |   |   |   |   |-- Brain Coral.jpg [250,67 KB]
[Message: File Tree] |   |   |   |   |   |   |-- Coral Shell Plate.jpg [373,04 KB]
[Message: File Tree] |   |   |   |   |   |   |-- Pyrocoral.jpg [597,95 KB]
[Message: File Tree] |   |   |   |   |   |   \-- __folder_managed_by_vortex [96 B]
[Message: File Tree] |   |   |   |   |   |
[Message: File Tree] |   |   |   |   |   |-- Extinct
[Message: File Tree] |   |   |   |   |   |   |
[Message: File Tree] |   |   |   |   |   |   |-- Ancient Skeleton.jpg [210,21 KB]
[Message: File Tree] |   |   |   |   |   |   |-- Gargantuan Fossil.jpg [576,94 KB]
[Message: File Tree] |   |   |   |   |   |   |-- Research Specimen Theta.jpg [222,51 KB]
[Message: File Tree] |   |   |   |   |   |   \-- __folder_managed_by_vortex [96 B]
[Message: File Tree] |   |   |   |   |   |
[Message: File Tree] |   |   |   |   |   |-- Leviathans
[Message: File Tree] |   |   |   |   |   |   |
[Message: File Tree] |   |   |   |   |   |   |-- Ancient Floater.jpg [588,38 KB]
[Message: File Tree] |   |   |   |   |   |   |-- Ghost Leviathan.jpg [232,95 KB]
[Message: File Tree] |   |   |   |   |   |   |-- Reaper Leviathan.jpg [484,85 KB]
[Message: File Tree] |   |   |   |   |   |   |-- Reefback.jpg [555,04 KB]
[Message: File Tree] |   |   |   |   |   |   |-- Sea Dragon.jpg [80,81 KB]
[Message: File Tree] |   |   |   |   |   |   |-- Sea Emperor Juvenile.jpg [556,63 KB]
[Message: File Tree] |   |   |   |   |   |   |-- Sea Treader.jpg [508,89 KB]
[Message: File Tree] |   |   |   |   |   |   \-- __folder_managed_by_vortex [96 B]
[Message: File Tree] |   |   |   |   |   |
[Message: File Tree] |   |   |   |   |   |-- Parasites
[Message: File Tree] |   |   |   |   |   |   |
[Message: File Tree] |   |   |   |   |   |   |-- Amoeboid.jpg [612,35 KB]
[Message: File Tree] |   |   |   |   |   |   |-- Bleeder.jpg [217,97 KB]
[Message: File Tree] |   |   |   |   |   |   |-- Blood Crawler.jpg [462,76 KB]
[Message: File Tree] |   |   |   |   |   |   |-- Cave Crawler.jpg [440,97 KB]
[Message: File Tree] |   |   |   |   |   |   |-- Floater.jpg [504,78 KB]
[Message: File Tree] |   |   |   |   |   |   |-- Lava Larva.jpg [306,16 KB]
[Message: File Tree] |   |   |   |   |   |   |-- Rock Grub.jpg [433,61 KB]
[Message: File Tree] |   |   |   |   |   |   |-- Shuttlebug.jpg [398,53 KB]
[Message: File Tree] |   |   |   |   |   |   \-- __folder_managed_by_vortex [96 B]
[Message: File Tree] |   |   |   |   |   |
[Message: File Tree] |   |   |   |   |   |-- Passive
[Message: File Tree] |   |   |   |   |   |   |
[Message: File Tree] |   |   |   |   |   |   |-- Bladderfish.jpg [106,38 KB]
[Message: File Tree] |   |   |   |   |   |   |-- Boomerang.jpg [74,61 KB]
[Message: File Tree] |   |   |   |   |   |   |-- Crimson Ray.jpg [134,92 KB]
[Message: File Tree] |   |   |   |   |   |   |-- CuteFish.jpg [500,59 KB]
[Message: File Tree] |   |   |   |   |   |   |-- Eyeye.jpg [416,35 KB]
[Message: File Tree] |   |   |   |   |   |   |-- Garryfish.jpg [382,46 KB]
[Message: File Tree] |   |   |   |   |   |   |-- Gasopod.jpg [479,06 KB]
[Message: File Tree] |   |   |   |   |   |   |-- Ghost Ray.jpg [131,28 KB]
[Message: File Tree] |   |   |   |   |   |   |-- Holefish.jpg [63,64 KB]
[Message: File Tree] |   |   |   |   |   |   |-- Hoopfish.jpg [468 KB]
[Message: File Tree] |   |   |   |   |   |   |-- Hoverfish.jpg [448,21 KB]
[Message: File Tree] |   |   |   |   |   |   |-- Jellyray.jpg [328,89 KB]
[Message: File Tree] |   |   |   |   |   |   |-- Magmarang.jpg [66,53 KB]
[Message: File Tree] |   |   |   |   |   |   |-- Occulus.jpg [465,5 KB]
[Message: File Tree] |   |   |   |   |   |   |-- Peeper.jpg [437,5 KB]
[Message: File Tree] |   |   |   |   |   |   |-- Rabbit Ray.jpg [107,11 KB]
[Message: File Tree] |   |   |   |   |   |   |-- Red Eyeye.jpg [65,29 KB]
[Message: File Tree] |   |   |   |   |   |   |-- Reginald.jpg [475,24 KB]
[Message: File Tree] |   |   |   |   |   |   |-- Skyray.jpg [418,73 KB]
[Message: File Tree] |   |   |   |   |   |   |-- Spadefish.jpg [441,83 KB]
[Message: File Tree] |   |   |   |   |   |   |-- Spinefish.jpg [310,84 KB]
[Message: File Tree] |   |   |   |   |   |   \-- __folder_managed_by_vortex [96 B]
[Message: File Tree] |   |   |   |   |   |
[Message: File Tree] |   |   |   |   |   \-- __folder_managed_by_vortex [96 B]
[Message: File Tree] |   |   |   |   |
[Message: File Tree] |   |   |   |   |-- Flora
[Message: File Tree] |   |   |   |   |   |
[Message: File Tree] |   |   |   |   |   |-- Aquatic
[Message: File Tree] |   |   |   |   |   |   |
[Message: File Tree] |   |   |   |   |   |   |-- Acid Mushroom.jpg [225,82 KB]
[Message: File Tree] |   |   |   |   |   |   |-- Bloodroot.jpg [483,58 KB]
[Message: File Tree] |   |   |   |   |   |   |-- Bloodvine.jpg [480,61 KB]
[Message: File Tree] |   |   |   |   |   |   |-- Blue Palm.jpg [456,53 KB]
[Message: File Tree] |   |   |   |   |   |   |-- Bulb Bush.jpg [590,54 KB]
[Message: File Tree] |   |   |   |   |   |   |-- Cave Bush.jpg [494,49 KB]
[Message: File Tree] |   |   |   |   |   |   |-- Creepvine Seed Cluster.jpg [519,68 KB]
[Message: File Tree] |   |   |   |   |   |   |-- Creepvine.jpg [477,88 KB]
[Message: File Tree] |   |   |   |   |   |   |-- Deep Shroom.jpg [485,85 KB]
[Message: File Tree] |   |   |   |   |   |   |-- Eye Stalk.jpg [189,62 KB]
[Message: File Tree] |   |   |   |   |   |   |-- Furled Papyrus.jpg [508,01 KB]
[Message: File Tree] |   |   |   |   |   |   |-- Gabe's Feather.jpg [498,04 KB]
[Message: File Tree] |   |   |   |   |   |   |-- Gel Sack.jpg [526,33 KB]
[Message: File Tree] |   |   |   |   |   |   |-- Jellyshroom.jpg [543,53 KB]
[Message: File Tree] |   |   |   |   |   |   |-- Membrain Tree.jpg [211,13 KB]
[Message: File Tree] |   |   |   |   |   |   |-- Pygmy Fan.jpg [207,52 KB]
[Message: File Tree] |   |   |   |   |   |   |-- Redwort.jpg [592,71 KB]
[Message: File Tree] |   |   |   |   |   |   |-- Regress Shell.jpg [591,58 KB]
[Message: File Tree] |   |   |   |   |   |   |-- Rouge Cradle.jpg [586,78 KB]
[Message: File Tree] |   |   |   |   |   |   |-- Sea Crown.jpg [533,77 KB]
[Message: File Tree] |   |   |   |   |   |   |-- Spiked Horn Grass.jpg [551,9 KB]
[Message: File Tree] |   |   |   |   |   |   |-- Spotted Dock Leaf.jpg [536,3 KB]
[Message: File Tree] |   |   |   |   |   |   |-- Tiger Plant.jpg [567,01 KB]
[Message: File Tree] |   |   |   |   |   |   |-- Veined Nettle.jpg [189,89 KB]
[Message: File Tree] |   |   |   |   |   |   |-- Violet Beau.jpg [187,91 KB]
[Message: File Tree] |   |   |   |   |   |   |-- Writhing Weed.jpg [309,69 KB]
[Message: File Tree] |   |   |   |   |   |   \-- __folder_managed_by_vortex [96 B]
[Message: File Tree] |   |   |   |   |   |
[Message: File Tree] |   |   |   |   |   |-- Non Harvestable
[Message: File Tree] |   |   |   |   |   |   |
[Message: File Tree] |   |   |   |   |   |   |-- Anchor Pod.jpg [590,69 KB]
[Message: File Tree] |   |   |   |   |   |   |-- Brine Lily.jpg [550,27 KB]
[Message: File Tree] |   |   |   |   |   |   |-- Crab Claw Kelp.jpg [565,89 KB]
[Message: File Tree] |   |   |   |   |   |   |-- Drooping Stinger.jpg [416,99 KB]
[Message: File Tree] |   |   |   |   |   |   |-- Giant Cove Tree.jpg [148,77 KB]
[Message: File Tree] |   |   |   |   |   |   |-- Tree Leech.jpg [448,72 KB]
[Message: File Tree] |   |   |   |   |   |   \-- __folder_managed_by_vortex [96 B]
[Message: File Tree] |   |   |   |   |   |
[Message: File Tree] |   |   |   |   |   |-- Terrestrial
[Message: File Tree] |   |   |   |   |   |   |
[Message: File Tree] |   |   |   |   |   |   |-- Bulbo Tree.jpg [257,34 KB]
[Message: File Tree] |   |   |   |   |   |   |-- Chinese Potato Plant.jpg [222,9 KB]
[Message: File Tree] |   |   |   |   |   |   |-- Fern Palm.jpg [203,15 KB]
[Message: File Tree] |   |   |   |   |   |   |-- Grub Basket.jpg [503,34 KB]
[Message: File Tree] |   |   |   |   |   |   |-- Jaffa Cup.jpg [491,52 KB]
[Message: File Tree] |   |   |   |   |   |   |-- Lantern Tree.jpg [271,53 KB]
[Message: File Tree] |   |   |   |   |   |   |-- Marblemelon.jpg [244,26 KB]
[Message: File Tree] |   |   |   |   |   |   |-- Ming Plant.jpg [508,42 KB]
[Message: File Tree] |   |   |   |   |   |   |-- Pink Cap.jpg [186,35 KB]
[Message: File Tree] |   |   |   |   |   |   |-- Speckled Rattler.jpg [180,04 KB]
[Message: File Tree] |   |   |   |   |   |   |-- Voxel Shrub.jpg [552,34 KB]
[Message: File Tree] |   |   |   |   |   |   \-- __folder_managed_by_vortex [96 B]
[Message: File Tree] |   |   |   |   |   |
[Message: File Tree] |   |   |   |   |   \-- __folder_managed_by_vortex [96 B]
[Message: File Tree] |   |   |   |   |
[Message: File Tree] |   |   |   |   \-- __folder_managed_by_vortex [96 B]
[Message: File Tree] |   |   |   |
[Message: File Tree] |   |   |   |-- Tech
[Message: File Tree] |   |   |   |   |
[Message: File Tree] |   |   |   |   |-- Alien Tech
[Message: File Tree] |   |   |   |   |   |
[Message: File Tree] |   |   |   |   |   |-- Relics
[Message: File Tree] |   |   |   |   |   |   |
[Message: File Tree] |   |   |   |   |   |   |-- Alien Building Block.jpg [219,85 KB]
[Message: File Tree] |   |   |   |   |   |   |-- Alien Carving.jpg [198,19 KB]
[Message: File Tree] |   |   |   |   |   |   |-- Alien Rifle.jpg [177,83 KB]
[Message: File Tree] |   |   |   |   |   |   |-- Alien Statue.jpg [168,54 KB]
[Message: File Tree] |   |   |   |   |   |   |-- Ancient Earth Blade.jpg [172,72 KB]
[Message: File Tree] |   |   |   |   |   |   |-- Doomsday Device.jpg [171,95 KB]
[Message: File Tree] |   |   |   |   |   |   |-- Holographic Projector.jpg [199,06 KB]
[Message: File Tree] |   |   |   |   |   |   |-- Organic Matter Particulator.jpg [174,92 KB]
[Message: File Tree] |   |   |   |   |   |   |-- Rudimentary Tablet.jpg [188,09 KB]
[Message: File Tree] |   |   |   |   |   |   |-- Tracking Implant.jpg [184,02 KB]
[Message: File Tree] |   |   |   |   |   |   |-- Universal Translator.jpg [184,21 KB]
[Message: File Tree] |   |   |   |   |   |   \-- __folder_managed_by_vortex [96 B]
[Message: File Tree] |   |   |   |   |   |
[Message: File Tree] |   |   |   |   |   |-- Tablets
[Message: File Tree] |   |   |   |   |   |   |
[Message: File Tree] |   |   |   |   |   |   |-- Blue Tablet.jpg [528,7 KB]
[Message: File Tree] |   |   |   |   |   |   |-- Orange Tablet.jpg [537,24 KB]
[Message: File Tree] |   |   |   |   |   |   |-- Purple Tablet.jpg [547,25 KB]
[Message: File Tree] |   |   |   |   |   |   \-- __folder_managed_by_vortex [96 B]
[Message: File Tree] |   |   |   |   |   |
[Message: File Tree] |   |   |   |   |   |-- Alien Robot.jpg [321,95 KB]
[Message: File Tree] |   |   |   |   |   \-- __folder_managed_by_vortex [96 B]
[Message: File Tree] |   |   |   |   |
[Message: File Tree] |   |   |   |   |-- Human Tech
[Message: File Tree] |   |   |   |   |   |
[Message: File Tree] |   |   |   |   |   |-- Habitat
[Message: File Tree] |   |   |   |   |   |   |
[Message: File Tree] |   |   |   |   |   |   |-- Alien Containment.jpg [533,34 KB]
[Message: File Tree] |   |   |   |   |   |   |-- Bioreactor.jpg [472,49 KB]
[Message: File Tree] |   |   |   |   |   |   |-- Floodlight.jpg [483,52 KB]
[Message: File Tree] |   |   |   |   |   |   |-- Mobile Vehicle Bay.jpg [533,89 KB]
[Message: File Tree] |   |   |   |   |   |   |-- Modification Station.jpg [498,35 KB]
[Message: File Tree] |   |   |   |   |   |   |-- Moonpool.jpg [174,76 KB]
[Message: File Tree] |   |   |   |   |   |   |-- Nuclear Reactor.jpg [491,82 KB]
[Message: File Tree] |   |   |   |   |   |   |-- Scanner Room.jpg [159,4 KB]
[Message: File Tree] |   |   |   |   |   |   |-- Solar Panel.jpg [491,45 KB]
[Message: File Tree] |   |   |   |   |   |   |-- Thermal Plant.jpg [542,76 KB]
[Message: File Tree] |   |   |   |   |   |   |-- Water Filtration Machine.jpg [491,2 KB]
[Message: File Tree] |   |   |   |   |   |   \-- __folder_managed_by_vortex [96 B]
[Message: File Tree] |   |   |   |   |   |
[Message: File Tree] |   |   |   |   |   |-- Suits
[Message: File Tree] |   |   |   |   |   |   |
[Message: File Tree] |   |   |   |   |   |   |-- All-Environment Protection Suit.jpg [161,72 KB]
[Message: File Tree] |   |   |   |   |   |   |-- Radiation Suit.jpg [169,81 KB]
[Message: File Tree] |   |   |   |   |   |   |-- Reinforced Dive Suit.jpg [124,27 KB]
[Message: File Tree] |   |   |   |   |   |   |-- Stillsuit.jpg [129,93 KB]
[Message: File Tree] |   |   |   |   |   |   \-- __folder_managed_by_vortex [96 B]
[Message: File Tree] |   |   |   |   |   |
[Message: File Tree] |   |   |   |   |   |-- Tools
[Message: File Tree] |   |   |   |   |   |   |
[Message: File Tree] |   |   |   |   |   |   |-- Creature Decoy.jpg [499,89 KB]
[Message: File Tree] |   |   |   |   |   |   |-- Floating Air Pump.jpg [552,94 KB]
[Message: File Tree] |   |   |   |   |   |   |-- Grav Trap.jpg [164,92 KB]
[Message: File Tree] |   |   |   |   |   |   |-- Habitat Builder.jpg [155,26 KB]
[Message: File Tree] |   |   |   |   |   |   |-- Laser Cutter.jpg [158,12 KB]
[Message: File Tree] |   |   |   |   |   |   |-- Light Stick.jpg [156,17 KB]
[Message: File Tree] |   |   |   |   |   |   |-- Propulsion Cannon.jpg [155,52 KB]
[Message: File Tree] |   |   |   |   |   |   |-- Repair Tool.jpg [154,07 KB]
[Message: File Tree] |   |   |   |   |   |   |-- Scanner.jpg [167,01 KB]
[Message: File Tree] |   |   |   |   |   |   |-- Stasis Rifle.jpg [159,53 KB]
[Message: File Tree] |   |   |   |   |   |   \-- __folder_managed_by_vortex [96 B]
[Message: File Tree] |   |   |   |   |   |
[Message: File Tree] |   |   |   |   |   |-- Vehicles
[Message: File Tree] |   |   |   |   |   |   |
[Message: File Tree] |   |   |   |   |   |   |-- Aurora.jpg [524,54 KB]
[Message: File Tree] |   |   |   |   |   |   |-- Cyclops.jpg [171,3 KB]
[Message: File Tree] |   |   |   |   |   |   |-- Lifepod.jpg [160,76 KB]
[Message: File Tree] |   |   |   |   |   |   |-- Neptune Rocket.jpg [184,04 KB]
[Message: File Tree] |   |   |   |   |   |   |-- PRAWN Suit.jpg [187,24 KB]
[Message: File Tree] |   |   |   |   |   |   |-- Seaglide.jpg [182,07 KB]
[Message: File Tree] |   |   |   |   |   |   |-- Seamoth.jpg [167,63 KB]
[Message: File Tree] |   |   |   |   |   |   \-- __folder_managed_by_vortex [96 B]
[Message: File Tree] |   |   |   |   |   |
[Message: File Tree] |   |   |   |   |   \-- __folder_managed_by_vortex [96 B]
[Message: File Tree] |   |   |   |   |
[Message: File Tree] |   |   |   |   \-- __folder_managed_by_vortex [96 B]
[Message: File Tree] |   |   |   |
[Message: File Tree] |   |   |   \-- __folder_managed_by_vortex [96 B]
[Message: File Tree] |   |   |
[Message: File Tree] |   |   |-- Tobey
[Message: File Tree] |   |   |   |
[Message: File Tree] |   |   |   |-- ConfigHandler
[Message: File Tree] |   |   |   |   |
[Message: File Tree] |   |   |   |   |-- Tobey.Subnautica.ConfigHandler.Plugin.dll [6 KB]
[Message: File Tree] |   |   |   |   \-- __folder_managed_by_vortex [96 B]
[Message: File Tree] |   |   |   |
[Message: File Tree] |   |   |   |-- Fast Loading Screen
[Message: File Tree] |   |   |   |   |
[Message: File Tree] |   |   |   |   |-- Tobey.FastLoadingScreen.dll [23 KB]
[Message: File Tree] |   |   |   |   \-- __folder_managed_by_vortex [96 B]
[Message: File Tree] |   |   |   |
[Message: File Tree] |   |   |   |-- File Tree
[Message: File Tree] |   |   |   |   |
[Message: File Tree] |   |   |   |   |-- Tobey.FileTree.dll [24 KB]
[Message: File Tree] |   |   |   |   \-- __folder_managed_by_vortex [96 B]
[Message: File Tree] |   |   |   |
[Message: File Tree] |   |   |   |-- UnityAudio
[Message: File Tree] |   |   |   |   |
[Message: File Tree] |   |   |   |   |-- chime.wav [742,58 KB]
[Message: File Tree] |   |   |   |   |-- Tobey.UnityAudio.Plugin.dll [15,5 KB]
[Message: File Tree] |   |   |   |   \-- __folder_managed_by_vortex [96 B]
[Message: File Tree] |   |   |   |
[Message: File Tree] |   |   |   \-- __folder_managed_by_vortex [96 B]
[Message: File Tree] |   |   |
[Message: File Tree] |   |   |-- VipereSolide
[Message: File Tree] |   |   |   |
[Message: File Tree] |   |   |   |-- CyclopsCameraZoom
[Message: File Tree] |   |   |   |   |
[Message: File Tree] |   |   |   |   |-- CyclopsCameraZoom.dll [9 KB]
[Message: File Tree] |   |   |   |   \-- __folder_managed_by_vortex [96 B]
[Message: File Tree] |   |   |   |
[Message: File Tree] |   |   |   \-- __folder_managed_by_vortex [96 B]
[Message: File Tree] |   |   |
[Message: File Tree] |   |   |-- VolumeControl
[Message: File Tree] |   |   |   |
[Message: File Tree] |   |   |   |-- VolumeControl.dll [16,5 KB]
[Message: File Tree] |   |   |   \-- __folder_managed_by_vortex [96 B]
[Message: File Tree] |   |   |
[Message: File Tree] |   |   |-- AnisotropicFix.dll [5 KB]
[Message: File Tree] |   |   |-- NoPdaDelay.dll [7 KB]
[Message: File Tree] |   |   |-- README.md [617 B]
[Message: File Tree] |   |   |-- VisibleLockerInterior.dll [21 KB]
[Message: File Tree] |   |   |-- vortex.deployment.bepinex-plugin.json [4,84 KB]
[Message: File Tree] |   |   \-- vortex.deployment.json [82,81 KB]
[Message: File Tree] |   |
[Message: File Tree] |   \-- LogOutput.log [55,56 KB]
[Message: File Tree] |
[Message: File Tree] |-- MonoBleedingEdge
[Message: File Tree] |   |
[Message: File Tree] |   \-- (contents not shown)
[Message: File Tree] |
[Message: File Tree] |-- QMods
[Message: File Tree] |   |
[Message: File Tree] |   |-- BetterScannerBlips
[Message: File Tree] |   |   |
[Message: File Tree] |   |   |-- BetterScannerBlips.dll [54,5 KB]
[Message: File Tree] |   |   |-- mod.json [716 B]
[Message: File Tree] |   |   \-- __folder_managed_by_vortex [96 B]
[Message: File Tree] |   |
[Message: File Tree] |   |-- Modding Helper
[Message: File Tree] |   |   |
[Message: File Tree] |   |   |-- mod.json [373 B]
[Message: File Tree] |   |   |-- SMLHelper.dll [268 KB]
[Message: File Tree] |   |   |-- SMLHelper.xml [567,53 KB]
[Message: File Tree] |   |   \-- __folder_managed_by_vortex [96 B]
[Message: File Tree] |   |
[Message: File Tree] |   |-- TexLimitBypass
[Message: File Tree] |   |   |
[Message: File Tree] |   |   |-- mod.json [270 B]
[Message: File Tree] |   |   |-- TexLimitBypass.dll [7,5 KB]
[Message: File Tree] |   |   \-- __folder_managed_by_vortex [96 B]
[Message: File Tree] |   |
[Message: File Tree] |   \-- vortex.deployment.qmodmanager-mod.json [1,52 KB]
[Message: File Tree] |
[Message: File Tree] |-- SNAppData
[Message: File Tree] |   |
[Message: File Tree] |   \-- (contents not shown)
[Message: File Tree] |
[Message: File Tree] |-- SNUnmanagedData
[Message: File Tree] |   |
[Message: File Tree] |   \-- (contents not shown)
[Message: File Tree] |
[Message: File Tree] |-- Subnautica_Data
[Message: File Tree] |   |
[Message: File Tree] |   \-- (contents not shown)
[Message: File Tree] |
[Message: File Tree] |-- .doorstop_version [5 B]
[Message: File Tree] |-- .gitattributes [68 B]
[Message: File Tree] |-- .gitignore [96 B]
[Message: File Tree] |-- changelog.txt [170 B]
[Message: File Tree] |-- doorstop_config.ini [1,43 KB]
[Message: File Tree] |-- libdoorstop.dylib [37,12 KB]
[Message: File Tree] |-- liblz4.dll [494,87 KB]
[Message: File Tree] |-- run_bepinex.sh [8,37 KB]
[Message: File Tree] |-- steam_api64.cdx [201,91 KB]
[Message: File Tree] |-- steam_api64.dll [401,91 KB]
[Message: File Tree] |-- steam_emu.ini [2,47 KB]
[Message: File Tree] |-- Subnautica.exe [636,5 KB]
[Message: File Tree] |-- Subnautica32.exe [68,5 KB]
[Message: File Tree] |-- UnityCrashHandler64.exe [1,02 MB]
[Message: File Tree] |-- UnityPlayer.dll [24,93 MB]
[Message: File Tree] |-- vortex.deployment.bepinex-5.json [7,99 KB]
[Message: File Tree] \-- winhttp.dll [25,5 KB]
[Info   :Deathrun Remade] Trying to import legacy Deathrun stats from mod folder...
[Message:Unity Audio Patcher] Unity Audio is enabled at runtime.
[Info   : Unity Log] AddressablesUtility.LoadSceneAsync loading scene: StartScreen in mode Single
[Info   : Unity Log] Initializing Steam services
[Info   : Unity Log] OnQuit behaviour queued for deferred registering, platform services aren't initialized.
[Info   : Unity Log] Affinity set to all cores.
[Warning: Unity Log] DontDestroyOnLoad only works for root GameObjects or components on root GameObjects.
[Warning: Unity Log] Missing platform services, returning default UI scale.
[Warning: Unity Log] Missing platform services, returning default UI scale.
[Info   : Unity Log] AddressablesUtility.LoadSceneAsync loading scene: MenuEnvironment in mode Additive
[Info   : Unity Log] Waiting for options to load...
[Info   : Unity Log] RegisterSaveGame: load operation for options was not successful.
[Info   : Unity Log] Waiting for slot0001 to load...
[Info   : Unity Log] RegisterSaveGame: Loading GameInfo for slot0001
[Info   : Unity Log] Loading game settings
[Info   : Unity Log] Affinity set to all cores.
[Info   : Unity Log] AddressablesUtility.LoadSceneAsync loading scene: XMenu in mode Additive
[Info   : Unity Log] changeset 71288, QualityLevel = 2
[Info   : Unity Log] OK Running Win64
[Info   : Unity Log] Application version: 1.21.71288
[Info   : Unity Log] SystemInfo: 
 deviceModel = Z370P D3 (Gigabyte Technology Co., Ltd.)
 deviceName = SOPRUK
 deviceType = Desktop
 deviceUniqueIdentifier = 4b08b8b5deb10106a816dc223c84572de2b2e8dd
 graphicsDeviceID = 7939
 graphicsDeviceName = NVIDIA GeForce RTX 2060
 graphicsDeviceType = Direct3D11
 graphicsDeviceVendor = NVIDIA
 graphicsDeviceVendorID = 4318
 graphicsDeviceVersion = Direct3D 11.0 [level 11.1]
 graphicsMemorySize = 12061
 graphicsShaderLevel = 50
 npotSupport = Full
 maxTextureSize = 16384
 operatingSystem = Windows 10  (10.0.19045) 64bit
 processorCount = 12
 processorFrequency = 3192
 processorType = Intel(R) Core(TM) i7-8700 CPU @ 3.20GHz
 supportedRenderTargetCount = 8
 supports3DTextures = True
 supportsAccelerometer = False
 supportsComputeShaders = True
 supportsGyroscope = False
 supportsImageEffects = True
 supportsInstancing = True
 supportsLocationService = False
 supportsRawShadowDepthSampling = True
 supportsRenderTextures = True
 supportsRenderToCubemap = True
 supportsShadows = True
 supportsSparseTextures = True
 supportsStencil = 1
 supportsVibration = False
 systemMemorySize = 16327

[Warning:Repair Transport Lights by AlHazrad] Repair Transport Lights by AlHazrad ______________________ mod complete!
[Info   : Unity Log] Telemetry session started. Platform: 'Steam', UserId: '76561198810498892', SessionId: 434611647
[Message:CyclopsDockingMod] No save directory found for base parts at "D:/Steam/steamapps/common/Subnautica/SNAppData/SavedGames/slot0001/CyclopsDockingMod".
[Message:CyclopsDockingMod] No save directory found for Cyclops auto-pilot routes at "D:/Steam/steamapps/common/Subnautica/SNAppData/SavedGames/slot0001/CyclopsDockingMod".
[Info   :FastLoadingScreen] Boosting loading times...
[Info   : Unity Log] 'SaveFilesLoad' took 0,56 seconds
[Info   : Unity Log] --- UpgradeBatches : changeSet 71288
[Info   : Unity Log]     checking upgrade version 17205 - wants upgrade? False
[Info   : Unity Log]     checking upgrade version 18740 - wants upgrade? False
[Info   : Unity Log]     checking upgrade version 19954 - wants upgrade? False
[Info   : Unity Log]     checking upgrade version 21939 - wants upgrade? False
[Info   : Unity Log]     checking upgrade version 23031 - wants upgrade? False
[Info   : Unity Log]     checking upgrade version 25020 - wants upgrade? False
[Info   : Unity Log]     checking upgrade version 26110 - wants upgrade? False
[Info   : Unity Log]     checking upgrade version 27086 - wants upgrade? False
[Info   : Unity Log]     checking upgrade version 28983 - wants upgrade? False
[Info   : Unity Log]     checking upgrade version 31051 - wants upgrade? False
[Info   : Unity Log]     checking upgrade version 32370 - wants upgrade? False
[Info   : Unity Log]     checking upgrade version 33385 - wants upgrade? False
[Info   : Unity Log]     checking upgrade version 36610 - wants upgrade? False
[Info   : Unity Log]     checking upgrade version 38130 - wants upgrade? False
[Info   : Unity Log]     checking upgrade version 39967 - wants upgrade? False
[Info   : Unity Log]     checking upgrade version 41907 - wants upgrade? False
[Info   : Unity Log]     checking upgrade version 42236 - wants upgrade? False
[Info   : Unity Log]     checking upgrade version 43575 - wants upgrade? False
[Info   : Unity Log]     checking upgrade version 45274 - wants upgrade? False
[Info   : Unity Log]     checking upgrade version 47157 - wants upgrade? False
[Info   : Unity Log]     checking upgrade version 47572 - wants upgrade? False
[Info   : Unity Log]     checking upgrade version 49833 - wants upgrade? False
[Info   : Unity Log]     checking upgrade version 52143 - wants upgrade? False
[Info   : Unity Log]     checking upgrade version 53475 - wants upgrade? False
[Info   : Unity Log]     checking upgrade version 54761 - wants upgrade? False
[Info   : Unity Log]     checking upgrade version 57467 - wants upgrade? False
[Info   : Unity Log]     checking upgrade version 61960 - wants upgrade? False
[Info   : Unity Log]     checking upgrade version 63403 - wants upgrade? False
[Info   : Unity Log]     checking upgrade version 70752 - wants upgrade? False
[Info   : Unity Log]     checking upgrade version 71172 - wants upgrade? False
[Info   :  Nautilus] [DeathrunRemade] Loaded save data from DeathrunRemade.json
[Info   :Deathrun Remade] Loading existing run with id 5
[Warning:  Nautilus] CustomRecipeData already exists for 'Seaglide'.
Original value has been overwritten by later entry.
So far we have discarded or overwritten 1 entries for 'Seaglide'.
[Warning:  Nautilus] CustomRecipeData already exists for 'Seamoth'.
Original value has been overwritten by later entry.
So far we have discarded or overwritten 1 entries for 'Seamoth'.
[Info   : Unity Log] 'FadeInDummy' took 0,82 seconds
[Info   : Unity Log] AddressablesUtility.LoadSceneAsync loading scene: Main in mode Single
[Info   : Unity Log] Unloading asset bundle 'logos' because it is no longer referenced
[Info   : Unity Log] 'SceneMain' took 1,73 seconds
[Info   : Unity Log] AddressablesUtility.LoadSceneAsync loading scene: Essentials in mode Additive
[Info   : Unity Log] Heartbeat CSV, time s,11,32306, GC.GetTotalMemory MB,93,5, OctNodes MB,0, CompactOctrees MB,16,625, CellManager MB,0, ClipMapManager MB,-9,536743E-07, GCCount,200, PlayerPos,2,078138,3,397397,-0,686676
[Info   : Unity Log] AddressablesUtility.LoadSceneAsync loading scene: Cyclops in mode Additive
[Info   : Unity Log] 'SceneEssentials' took 2,61 seconds
[Info   : Unity Log] Cyclops::Awake frame 2109
[Warning: Unity Log] Streamer not ready for __LIGHTMAPPED_PREFAB__
[Info   : Unity Log] 'SceneCyclops' took 2,93 seconds
[Info   : Unity Log] L0: Loading lightmapped prefab scene Cyclops total ms: 2925,489 self ms: 2925,49
[Info   : Unity Log] Loaded lightmapped prefab Cyclops frame 2110
[Info   : Unity Log] AddressablesUtility.LoadSceneAsync loading scene: EscapePod in mode Additive
[Info   : Unity Log] 'SceneEscapePod' took 0,49 seconds
[Info   : Unity Log] L0: Loading lightmapped prefab scene EscapePod total ms: 492,415 self ms: 492,4151
[Info   : Unity Log] Loaded lightmapped prefab EscapePod frame 2264
[Info   : Unity Log] AddressablesUtility.LoadSceneAsync loading scene: Aurora in mode Additive
[Info   : Unity Log] 'SceneAurora' took 2,12 seconds
[Info   : Unity Log] L0: Loading lightmapped prefab scene Aurora total ms: 2116,532 self ms: 2116,532
[Info   : Unity Log] Loaded lightmapped prefab Aurora frame 2895
[Info   : Unity Log] Scene Cyclops already loaded - doing nothing.
[Info   : Unity Log] PAXTerrainController::Initialize called - frame = 2895
[Info   : Unity Log] 'Builder' took 8,64 seconds
[Info   : Unity Log] PAXTerrainController::MountWorld frame 5433
[Info   : Unity Log] builders ready, building world..
[Info   : Unity Log] loading static world at 'D:/Steam/steamapps/common/Subnautica/Subnautica_Data/StreamingAssets\SNUnmanagedData\Build18'.
[Info   : Unity Log] World in D:/Steam/steamapps/common/Subnautica/Subnautica_Data/StreamingAssets\SNUnmanagedData\Build18 is from version 39
[Info   : Unity Log] LargeWorld: Loading world. Frame 5435.
[Info   : Unity Log] LargeWorld land 'Voxeland (Voxeland)'
[Info   : Unity Log] LargeWorldStreamer::Deinitialize called, frame 5435
[Info   : Unity Log] LargeWorldStreamer::Initialize frame 5435
[Info   : Unity Log] Read streaming settings:
max frame ms 10, skip ents False, budget 200
[Info   : Unity Log] LargeWorldStreamer allocated space for 26,20,26 octree batches
[Info   : Unity Log] LargeWorldStreamer is disabling grass! Either override disable is on, or this is a standalone build
[Info   : Unity Log] Calling LoadPrefabDatabase frame 5435
[Info   : Unity Log] PrefabDatabase::LoadPrefabDatabase(count: 3336)
[Info   : Unity Log] L1: Initialize prefab database (WorldEntities) total ms: 2,5474 self ms: 2,5475
[Info   : Unity Log] L1: SaveLoadManager.Initialize total ms: 2,0924 self ms: 2,0924
[Info   : Unity Log] L1: Create worker thread total ms: 0,6456 self ms: 0,6456
[Info   : Unity Log] L0: Streamer initialize total ms: 39,2294 self ms: 33,8432
[Info   : Unity Log] L0: cellManager.ResetEntityDistributions total ms: 51,708 self ms: 51,7081
[Info   : Unity Log] initializing first time explosion
[Warning: Unity Log] Kinematic body only supports Speculative Continuous collision detection
[Warning: Unity Log] Kinematic body only supports Speculative Continuous collision detection
[Warning: Unity Log] Kinematic body only supports Speculative Continuous collision detection
[Info   : Unity Log] L0: LoadSceneObjects total ms: 1081,11 self ms: 1081,11
[Warning: Unity Log] Kinematic body only supports Speculative Continuous collision detection
[Info   : Unity Log] Achievement 'DiveForTheVeryFirstTime' unlocked!
[Warning: Unity Log] Kinematic body only supports Speculative Continuous collision detection
[Warning: Unity Log] Kinematic body only supports Speculative Continuous collision detection
[Info   : Unity Log] Cyclops::Awake frame 5944
[Error  : Unity Log] Can't remove EnergyMixin (Script) because Welder (Script) depends on it
[Info   : Unity Log] rebuilt all cells
[Info   : Unity Log] floodsim total area: 9 floodgroup: 0
[Info   : Unity Log] floodsim num compartments: 1
[Info   : Unity Log] Achievement 'RepairAuroraReactor' unlocked!
[Info   : Unity Log] L0: LoadGlobalRoot total ms: 726,5153 self ms: 726,5155
[Info   : Unity Log] loading palette for LargeWorld at 'BlockPrefabs'.
[Info   : Unity Log] L0: Loading palette total ms: 3450,68 self ms: 3450,68
[Info   : Unity Log] Achievement 'BuildBase' unlocked!
[Info   : Unity Log] biome map downsample factor: 4
[Info   : Unity Log] L0: Loading biome map total ms: 3,0004 self ms: 3,0006
[Info   : Unity Log] LargeWorld: calling land.Rebuild frame 5946
[Info   : Unity Log] L0: Rebuilding land total ms: 12,454 self ms: 12,4541
[Info   : Unity Log] OK world mounted: D:/Steam/steamapps/common/Subnautica/Subnautica_Data/StreamingAssets\SNUnmanagedData\Build18
[Info   : Unity Log] 'WorldMount' took 5,75 seconds
[Info   : Unity Log] Loading world tiles
[Info   : Unity Log] cam batch 8,18,10, loading bounds 7,17,9 -> 9,19,11, total 27
[Info   : Unity Log] loading 27 batches
[Info   : Unity Log] 'WorldTiles' took 0,67 seconds
[Info   : Unity Log] Loading cells
[Info   : Unity Log] 'Octrees' took 0,00 seconds
[Info   : Unity Log] 'Terrain' took 0,10 seconds
[Info   : Unity Log] 'Clipmap' took 0,76 seconds
[Info   : Unity Log] 'UpdatingVisibility' took 0,00 seconds
[Info   : Unity Log] 'EntityCells' took 5,70 seconds
[Info   : Unity Log] LoadAsync Done
[Info   : Unity Log] LOADING FINISHED
[Info   : Unity Log] PerformGarbageAndAssetCollection, Time.time=11,32306, Time.frameCount=7317, DateTime.Now=01/27/2025 15:41:03
[Info   : Unity Log] L0: PerformGarbageCollection -> GC.Collect total ms: 0,0526 self ms: 0,0527
[Info   : Unity Log] 'WorldSettle' took 0,00 seconds
[Info   : Unity Log] 'Root' took 30,10 seconds
[Warning: Unity Log] Kinematic body only supports Speculative Continuous collision detection
[Info   : Unity Log] Loading stage durations:
SaveFilesLoad,SceneMain,SceneEssentials,SceneCyclops,SceneEscapePod,SceneAurora,Builder,WorldMount,WorldTiles,Batches,Octrees,Terrain,Clipmap,UpdatingVisibility,EntityCells,WorldSettle,Equipment
0,558,1,728,2,611,2,925,0,492,2,116,8,638,5,755,0,668,,0,000,0,105,0,757,0,000,5,701,0,000,

[Info   : Unity Log] --- PerformGarbageAndAssetCollectionAsync: GC Time 11,2707 Asset GC Time 320,1235
[Info   :FastLoadingScreen] Loading completed in 32,92s, resetting FPS cap and VSync per user preferences (70, 0)
[Warning: Unity Log] error sending request to sentry: Request timeout
[Info   : Unity Log] PerformGarbageAndAssetCollection, Time.time=43,93687, Time.frameCount=10062, DateTime.Now=01/27/2025 15:41:43
[Info   : Unity Log] L0: PerformGarbageCollection -> GC.Collect total ms: 0,0008 self ms: 0,0009
[Info   : Unity Log] --- PerformGarbageAndAssetCollectionAsync: GC Time 27,4042 Asset GC Time 305,9047
[Info   :  Nautilus] [DeathrunRemade] Saved save data to DeathrunRemade.json
[Info   : Unity Log] Saving 27 batches to C:/ProgramData/Unknown Worlds/Subnautica\TempSave\tmp725447
[Info   : Unity Log] AddressablesUtility.LoadScene loading scene: Cleaner in mode Single
[Info   : Unity Log] LargeWorldStreamer::Deinitialize called, frame 10269
[Info   : Unity Log] Time played: 74s
[Info   : Unity Log] Max depth: 54m
[Info   : Unity Log] Distance traveled: 792m
[Warning: Unity Log] [FMOD] Please add an 'FMOD Studio Listener' component to your a camera in the scene for correct 3D positioning of sounds.
[Info   : Unity Log] AddressablesUtility.LoadSceneAsync loading scene: StartScreen in mode Single
[Info   : Unity Log] AddressablesUtility.LoadSceneAsync loading scene: MenuEnvironment in mode Additive
[Info   : Unity Log] Waiting for options to load...
[Info   : Unity Log] RegisterSaveGame: load operation for options was not successful.
[Info   : Unity Log] Waiting for slot0001 to load...
[Info   : Unity Log] RegisterSaveGame: Loading GameInfo for slot0001
[Info   : Unity Log] Loading game settings
[Info   : Unity Log] Affinity set to all cores.
[Info   : Unity Log] AddressablesUtility.LoadSceneAsync loading scene: XMenu in mode Additive
[Info   : Unity Log] changeset 71288, QualityLevel = 2
[Info   : Unity Log] OK Running Win64
[Info   : Unity Log] Application version: 1.21.71288
[Info   : Unity Log] SystemInfo: 
 deviceModel = Z370P D3 (Gigabyte Technology Co., Ltd.)
 deviceName = SOPRUK
 deviceType = Desktop
 deviceUniqueIdentifier = 4b08b8b5deb10106a816dc223c84572de2b2e8dd
 graphicsDeviceID = 7939
 graphicsDeviceName = NVIDIA GeForce RTX 2060
 graphicsDeviceType = Direct3D11
 graphicsDeviceVendor = NVIDIA
 graphicsDeviceVendorID = 4318
 graphicsDeviceVersion = Direct3D 11.0 [level 11.1]
 graphicsMemorySize = 12061
 graphicsShaderLevel = 50
 npotSupport = Full
 maxTextureSize = 16384
 operatingSystem = Windows 10  (10.0.19045) 64bit
 processorCount = 12
 processorFrequency = 3192
 processorType = Intel(R) Core(TM) i7-8700 CPU @ 3.20GHz
 supportedRenderTargetCount = 8
 supports3DTextures = True
 supportsAccelerometer = False
 supportsComputeShaders = True
 supportsGyroscope = False
 supportsImageEffects = True
 supportsInstancing = True
 supportsLocationService = False
 supportsRawShadowDepthSampling = True
 supportsRenderTextures = True
 supportsRenderToCubemap = True
 supportsShadows = True
 supportsSparseTextures = True
 supportsStencil = 1
 supportsVibration = False
 systemMemorySize = 16327

